<?xml version="1.0" encoding="UTF-8"?>
<!-- Generated by org.testng.reporters.JUnitXMLReporter -->
<testsuite ignored="0" hostname="Ahmad" failures="0" tests="5" name="Regression Test" time="29.794" errors="0" timestamp="2020-11-21T22:00:25 EET">
  <testcase classname="tests.LoginTest" name="userFailToLogin" time="1.141"/>
  <testcase classname="tests.LoginTest" name="userFailToLogin" time="0.332"/>
  <testcase classname="tests.LoginTest" name="userFailToLogin" time="0.291"/>
  <testcase classname="tests.LoginTest" name="userLoginSuccessfully" time="11.232"/>
  <testcase classname="tests.LoginTest" name="userLoginSuccessfully" time="16.704"/>
</testsuite> <!-- Regression Test -->
